<?xml version="1.0" encoding="UTF-8"?>
<!-- Generated by org.testng.reporters.JUnitXMLReporter -->
<testsuite hostname="Sumairs-MacBook-Pro.local" ignored="0" name="Default test" tests="4" failures="0" timestamp="07 Jun 2019 01:57:19 GMT" time="25.549" errors="0">
  <testcase name="getData" time="1.953" classname="com.class4.ToolsQaExample"/>
  <testcase name="getData" time="3.389" classname="com.class4.ToolsQaExample"/>
  <testcase name="getData" time="2.639" classname="com.class4.ToolsQaExample"/>
  <testcase name="getData" time="2.907" classname="com.class4.ToolsQaExample"/>
</testsuite> <!-- Default test -->
