<?xml version="1.0" encoding="UTF-8"?>
<!-- Generated by org.testng.reporters.JUnitXMLReporter -->
<testsuite hostname="Sumairs-MacBook-Pro.local" ignored="3" name="test " tests="1" failures="0" timestamp="06 Jun 2019 00:17:27 GMT" time="0.029" errors="0">
  <testcase name="one" time="0.009" classname="com.class3.MethodsExample"/>
  <testcase name="Two" time="0.0" classname="com.class3.MethodsExample">
    <ignored/>
  </testcase> <!-- Two -->
  <testcase name="Three" time="0.0" classname="com.class3.MethodsExample">
    <ignored/>
  </testcase> <!-- Three -->
  <testcase name="Four" time="0.0" classname="com.class3.MethodsExample">
    <ignored/>
  </testcase> <!-- Four -->
</testsuite> <!-- test  -->
