<?xml version="1.0" encoding="UTF-8"?>
<!-- Generated by org.testng.reporters.JUnitXMLReporter -->
<testsuite hostname="Sumairs-MacBook-Pro.local" ignored="0" name="groupTest" tests="4" failures="0" timestamp="06 Jun 2019 00:17:22 GMT" time="0.039" errors="0">
  <testcase name="Four" time="0.008" classname="com.class3.GroupsExample"/>
  <testcase name="Three" time="0.001" classname="com.class3.GroupsExample"/>
  <testcase name="Two" time="0.001" classname="com.class3.GroupsExample"/>
  <testcase name="one" time="0.002" classname="com.class3.GroupsExample"/>
</testsuite> <!-- groupTest -->
