<?xml version="1.0" encoding="UTF-8"?>
<!-- Generated by org.testng.reporters.JUnitXMLReporter -->
<testsuite hostname="Sumairs-MacBook-Pro.local" ignored="0" name="Test" tests="3" failures="0" timestamp="06 Jun 2019 01:07:38 GMT" time="7.9" errors="0">
  <testcase name="contactInformation" time="0.344" classname="com.class3.NewtoursExample"/>
  <testcase name="mailingInformation" time="0.322" classname="com.class3.NewtoursExample"/>
  <testcase name="userInformation" time="1.725" classname="com.class3.NewtoursExample"/>
</testsuite> <!-- Test -->
