<?xml version="1.0" encoding="UTF-8"?>
<testng-results skipped="0" failed="0" ignored="0" total="4" passed="4">
  <reporter-output>
  </reporter-output>
  <suite name="Default suite" duration-ms="25549" started-at="2019-06-07T01:56:54Z" finished-at="2019-06-07T01:57:19Z">
    <groups>
    </groups>
    <test name="Default test" duration-ms="25549" started-at="2019-06-07T01:56:54Z" finished-at="2019-06-07T01:57:19Z">
      <class name="com.class4.ToolsQaExample">
        <test-method status="PASS" signature="setUp()[pri:0, instance:com.class4.ToolsQaExample@2a2d45ba]" name="setUp" is-config="true" duration-ms="3572" started-at="2019-06-07T01:56:54Z" finished-at="2019-06-07T01:56:57Z">
          <reporter-output>
          </reporter-output>
        </test-method> <!-- setUp -->
        <test-method status="PASS" signature="getData(java.lang.String, java.lang.String, java.lang.String)[pri:0, instance:com.class4.ToolsQaExample@2a2d45ba]" name="getData" duration-ms="1953" started-at="2019-06-07T01:56:57Z" data-provider="setUpData" finished-at="2019-06-07T01:56:59Z">
          <params>
            <param index="0">
              <value>
                <![CDATA[first1]]>
              </value>
            </param>
            <param index="1">
              <value>
                <![CDATA[last1]]>
              </value>
            </param>
            <param index="2">
              <value>
                <![CDATA[00-00-0000]]>
              </value>
            </param>
          </params>
          <reporter-output>
          </reporter-output>
        </test-method> <!-- getData -->
        <test-method status="PASS" signature="tearDown()[pri:0, instance:com.class4.ToolsQaExample@2a2d45ba]" name="tearDown" is-config="true" duration-ms="150" started-at="2019-06-07T01:56:59Z" finished-at="2019-06-07T01:56:59Z">
          <reporter-output>
          </reporter-output>
        </test-method> <!-- tearDown -->
        <test-method status="PASS" signature="setUp()[pri:0, instance:com.class4.ToolsQaExample@2a2d45ba]" name="setUp" is-config="true" duration-ms="3396" started-at="2019-06-07T01:56:59Z" finished-at="2019-06-07T01:57:03Z">
          <reporter-output>
          </reporter-output>
        </test-method> <!-- setUp -->
        <test-method status="PASS" signature="getData(java.lang.String, java.lang.String, java.lang.String)[pri:0, instance:com.class4.ToolsQaExample@2a2d45ba]" name="getData" duration-ms="3389" started-at="2019-06-07T01:57:03Z" data-provider="setUpData" finished-at="2019-06-07T01:57:06Z">
          <params>
            <param index="0">
              <value>
                <![CDATA[first2]]>
              </value>
            </param>
            <param index="1">
              <value>
                <![CDATA[last2]]>
              </value>
            </param>
            <param index="2">
              <value>
                <![CDATA[00-01-0000]]>
              </value>
            </param>
          </params>
          <reporter-output>
          </reporter-output>
        </test-method> <!-- getData -->
        <test-method status="PASS" signature="tearDown()[pri:0, instance:com.class4.ToolsQaExample@2a2d45ba]" name="tearDown" is-config="true" duration-ms="214" started-at="2019-06-07T01:57:06Z" finished-at="2019-06-07T01:57:06Z">
          <reporter-output>
          </reporter-output>
        </test-method> <!-- tearDown -->
        <test-method status="PASS" signature="setUp()[pri:0, instance:com.class4.ToolsQaExample@2a2d45ba]" name="setUp" is-config="true" duration-ms="3429" started-at="2019-06-07T01:57:06Z" finished-at="2019-06-07T01:57:10Z">
          <reporter-output>
          </reporter-output>
        </test-method> <!-- setUp -->
        <test-method status="PASS" signature="getData(java.lang.String, java.lang.String, java.lang.String)[pri:0, instance:com.class4.ToolsQaExample@2a2d45ba]" name="getData" duration-ms="2639" started-at="2019-06-07T01:57:10Z" data-provider="setUpData" finished-at="2019-06-07T01:57:12Z">
          <params>
            <param index="0">
              <value>
                <![CDATA[first3]]>
              </value>
            </param>
            <param index="1">
              <value>
                <![CDATA[last3]]>
              </value>
            </param>
            <param index="2">
              <value>
                <![CDATA[00-02-0000]]>
              </value>
            </param>
          </params>
          <reporter-output>
          </reporter-output>
        </test-method> <!-- getData -->
        <test-method status="PASS" signature="tearDown()[pri:0, instance:com.class4.ToolsQaExample@2a2d45ba]" name="tearDown" is-config="true" duration-ms="290" started-at="2019-06-07T01:57:12Z" finished-at="2019-06-07T01:57:13Z">
          <reporter-output>
          </reporter-output>
        </test-method> <!-- tearDown -->
        <test-method status="PASS" signature="setUp()[pri:0, instance:com.class4.ToolsQaExample@2a2d45ba]" name="setUp" is-config="true" duration-ms="3405" started-at="2019-06-07T01:57:13Z" finished-at="2019-06-07T01:57:16Z">
          <reporter-output>
          </reporter-output>
        </test-method> <!-- setUp -->
        <test-method status="PASS" signature="getData(java.lang.String, java.lang.String, java.lang.String)[pri:0, instance:com.class4.ToolsQaExample@2a2d45ba]" name="getData" duration-ms="2907" started-at="2019-06-07T01:57:16Z" data-provider="setUpData" finished-at="2019-06-07T01:57:19Z">
          <params>
            <param index="0">
              <value>
                <![CDATA[first4]]>
              </value>
            </param>
            <param index="1">
              <value>
                <![CDATA[last4]]>
              </value>
            </param>
            <param index="2">
              <value>
                <![CDATA[00-03-0000]]>
              </value>
            </param>
          </params>
          <reporter-output>
          </reporter-output>
        </test-method> <!-- getData -->
        <test-method status="PASS" signature="tearDown()[pri:0, instance:com.class4.ToolsQaExample@2a2d45ba]" name="tearDown" is-config="true" duration-ms="165" started-at="2019-06-07T01:57:19Z" finished-at="2019-06-07T01:57:19Z">
          <reporter-output>
          </reporter-output>
        </test-method> <!-- tearDown -->
      </class> <!-- com.class4.ToolsQaExample -->
    </test> <!-- Default test -->
  </suite> <!-- Default suite -->
</testng-results>
