<?xml version="1.0" encoding="UTF-8"?>
<!-- Generated by org.testng.reporters.JUnitXMLReporter -->
<testsuite hostname="Sumairs-MacBook-Pro.local" ignored="0" name="Sprint 2" tests="4" failures="0" timestamp="31 May 2019 01:45:42 GMT" time="0.012" errors="0">
  <testcase name="first" time="0.001" classname="com.class2.Priorty"/>
  <testcase name="second" time="0.001" classname="com.class2.Priorty"/>
  <testcase name="third" time="0.001" classname="com.class2.Priorty"/>
  <testcase name="forth" time="0.001" classname="com.class2.Priorty"/>
</testsuite> <!-- Sprint 2 -->
