<?xml version="1.0" encoding="UTF-8"?>
<!-- Generated by org.testng.reporters.JUnitXMLReporter -->
<testsuite hostname="Sumairs-MacBook-Pro.local" ignored="2" name="Sprint 1" tests="4" failures="0" timestamp="31 May 2019 01:54:09 GMT" time="0.041" errors="0">
  <testcase name="testMethodOne" time="0.005" classname="com.class1.BeforeAndAfterMethod"/>
  <testcase name="testMethodTwo" time="0.001" classname="com.class1.BeforeAndAfterMethod"/>
  <testcase name="second" time="0.001" classname="com.class2.EnableAndDisable"/>
  <testcase name="forth" time="0.002" classname="com.class2.EnableAndDisable"/>
  <testcase name="third" time="0.0" classname="com.class2.EnableAndDisable">
    <ignored/>
  </testcase> <!-- third -->
  <testcase name="first" time="0.0" classname="com.class2.EnableAndDisable">
    <ignored/>
  </testcase> <!-- first -->
</testsuite> <!-- Sprint 1 -->
