<?xml version="1.0" encoding="UTF-8"?>
<!-- Generated by org.testng.reporters.JUnitXMLReporter -->
<testsuite hostname="Sumairs-MacBook-Pro.local" ignored="1" name="tourTest" tests="2" failures="2" timestamp="06 Jun 2019 01:10:03 GMT" time="0.038" errors="0">
  <testcase name="contactInformation" time="0.011" classname="com.class3.NewtoursExample">
    <failure type="java.lang.NullPointerException">
      <![CDATA[java.lang.NullPointerException
at com.class3.NewtoursExample.contactInformation(NewtoursExample.java:28)
... Removed 25 stack frames]]>
    </failure>
  </testcase> <!-- contactInformation -->
  <testcase name="mailingInformation" time="0.001" classname="com.class3.NewtoursExample">
    <failure type="java.lang.NullPointerException">
      <![CDATA[java.lang.NullPointerException
at com.class3.NewtoursExample.mailingInformation(NewtoursExample.java:36)
... Removed 25 stack frames]]>
    </failure>
  </testcase> <!-- mailingInformation -->
  <testcase name="userInformation" time="0.0" classname="com.class3.NewtoursExample">
    <ignored/>
  </testcase> <!-- userInformation -->
</testsuite> <!-- tourTest -->
