<?xml version="1.0" encoding="UTF-8"?>
<!-- Generated by org.testng.reporters.JUnitXMLReporter -->
<testsuite hostname="Sumairs-MacBook-Pro.local" ignored="2" name="test" tests="1" failures="1" timestamp="06 Jun 2019 01:56:06 GMT" time="0.027" errors="0">
  <testcase name="personOneLogin" time="0.008" classname="com.class3.taskOne">
    <failure type="java.lang.NullPointerException">
      <![CDATA[java.lang.NullPointerException
at com.class3.taskOne.personOneLogin(taskOne.java:19)
... Removed 25 stack frames]]>
    </failure>
  </testcase> <!-- personOneLogin -->
  <testcase name="personThreeLogin" time="0.0" classname="com.class3.taskOne">
    <ignored/>
  </testcase> <!-- personThreeLogin -->
  <testcase name="personFourLogin" time="0.0" classname="com.class3.taskOne">
    <ignored/>
  </testcase> <!-- personFourLogin -->
</testsuite> <!-- test -->
